# JRE version: Java(TM) SE Runtime Environment (8.0_181-b13) (build 1.8.0_181-b13)
# Java VM: Java HotSpot(TM) 64-Bit Server VM (25.181-b13 mixed mode windows-amd64 compressed oops)
Heap:
 PSYoungGen      total 102400K, used 58619K [0x00000000d5d00000, 0x00000000dd300000, 0x0000000100000000)
  eden space 87040K, 49% used [0x00000000d5d00000,0x00000000d873ec98,0x00000000db200000)
  from space 15360K, 100% used [0x00000000db200000,0x00000000dc100000,0x00000000dc100000)
  to   space 13824K, 0% used [0x00000000dc100000,0x00000000dc100000,0x00000000dce80000)
 ParOldGen       total 64000K, used 30362K [0x0000000081600000, 0x0000000085480000, 0x00000000d5d00000)
  object space 64000K, 47% used [0x0000000081600000,0x00000000833a6ae8,0x0000000085480000)
 Metaspace       used 29045K, capacity 29212K, committed 29440K, reserved 1077248K
  class space    used 2214K, capacity 2230K, committed 2304K, reserved 1048576K
GC Heap History (10 events):
Event: 1.302 GC heap before
{Heap before GC invocations=4 (full 1):
 PSYoungGen      total 38400K, used 33280K [0x00000000d5d00000, 0x00000000da800000, 0x0000000100000000)
  eden space 33280K, 100% used [0x00000000d5d00000,0x00000000d7d80000,0x00000000d7d80000)
  from space 5120K, 0% used [0x00000000d8280000,0x00000000d8280000,0x00000000d8780000)
  to   space 5120K, 0% used [0x00000000d7d80000,0x00000000d7d80000,0x00000000d8280000)
 ParOldGen       total 64000K, used 9269K [0x0000000081600000, 0x0000000085480000, 0x00000000d5d00000)
  object space 64000K, 14% used [0x0000000081600000,0x0000000081f0d480,0x0000000085480000)
 Metaspace       used 27694K, capacity 27836K, committed 28160K, reserved 1075200K
  class space    used 2182K, capacity 2198K, committed 2304K, reserved 1048576K
Event: 1.306 GC heap after
Heap after GC invocations=4 (full 1):
 PSYoungGen      total 38400K, used 5116K [0x00000000d5d00000, 0x00000000d9780000, 0x0000000100000000)
  eden space 33280K, 0% used [0x00000000d5d00000,0x00000000d5d00000,0x00000000d7d80000)
  from space 5120K, 99% used [0x00000000d7d80000,0x00000000d827f0d0,0x00000000d8280000)
  to   space 5120K, 0% used [0x00000000d9280000,0x00000000d9280000,0x00000000d9780000)
 ParOldGen       total 64000K, used 11105K [0x0000000081600000, 0x0000000085480000, 0x00000000d5d00000)
  object space 64000K, 17% used [0x0000000081600000,0x00000000820d8770,0x0000000085480000)
 Metaspace       used 27694K, capacity 27836K, committed 28160K, reserved 1075200K
  class space    used 2182K, capacity 2198K, committed 2304K, reserved 1048576K
}
Event: 1.484 GC heap before
{Heap before GC invocations=5 (full 1):
 PSYoungGen      total 38400K, used 38396K [0x00000000d5d00000, 0x00000000d9780000, 0x0000000100000000)
  eden space 33280K, 100% used [0x00000000d5d00000,0x00000000d7d80000,0x00000000d7d80000)
  from space 5120K, 99% used [0x00000000d7d80000,0x00000000d827f0d0,0x00000000d8280000)
  to   space 5120K, 0% used [0x00000000d9280000,0x00000000d9280000,0x00000000d9780000)
 ParOldGen       total 64000K, used 11105K [0x0000000081600000, 0x0000000085480000, 0x00000000d5d00000)
  object space 64000K, 17% used [0x0000000081600000,0x00000000820d8770,0x0000000085480000)
 Metaspace       used 28073K, capacity 28252K, committed 28416K, reserved 1075200K
  class space    used 2190K, capacity 2230K, committed 2304K, reserved 1048576K
Event: 1.521 GC heap after
Heap after GC invocations=5 (full 1):
 PSYoungGen      total 54784K, used 5120K [0x00000000d5d00000, 0x00000000da100000, 0x0000000100000000)
  eden space 49664K, 0% used [0x00000000d5d00000,0x00000000d5d00000,0x00000000d8d80000)
  from space 5120K, 100% used [0x00000000d9280000,0x00000000d9780000,0x00000000d9780000)
  to   space 5120K, 0% used [0x00000000d8d80000,0x00000000d8d80000,0x00000000d9280000)
 ParOldGen       total 64000K, used 12409K [0x0000000081600000, 0x0000000085480000, 0x00000000d5d00000)
  object space 64000K, 19% used [0x0000000081600000,0x000000008221e770,0x0000000085480000)
 Metaspace       used 28073K, capacity 28252K, committed 28416K, reserved 1075200K
  class space    used 2190K, capacity 2230K, committed 2304K, reserved 1048576K
}
Event: 1.703 GC heap before
{Heap before GC invocations=6 (full 1):
 PSYoungGen      total 54784K, used 54784K [0x00000000d5d00000, 0x00000000da100000, 0x0000000100000000)
  eden space 49664K, 100% used [0x00000000d5d00000,0x00000000d8d80000,0x00000000d8d80000)
  from space 5120K, 100% used [0x00000000d9280000,0x00000000d9780000,0x00000000d9780000)
  to   space 5120K, 0% used [0x00000000d8d80000,0x00000000d8d80000,0x00000000d9280000)
 ParOldGen       total 64000K, used 12409K [0x0000000081600000, 0x0000000085480000, 0x00000000d5d00000)
  object space 64000K, 19% used [0x0000000081600000,0x000000008221e770,0x0000000085480000)
 Metaspace       used 28486K, capacity 28636K, committed 28928K, reserved 1075200K
  class space    used 2208K, capacity 2230K, committed 2304K, reserved 1048576K
Event: 1.713 GC heap after
Heap after GC invocations=6 (full 1):
 PSYoungGen      total 54784K, used 5120K [0x00000000d5d00000, 0x00000000dce80000, 0x0000000100000000)
  eden space 49664K, 0% used [0x00000000d5d00000,0x00000000d5d00000,0x00000000d8d80000)
  from space 5120K, 100% used [0x00000000d8d80000,0x00000000d9280000,0x00000000d9280000)
  to   space 13824K, 0% used [0x00000000dc100000,0x00000000dc100000,0x00000000dce80000)
 ParOldGen       total 64000K, used 21019K [0x0000000081600000, 0x0000000085480000, 0x00000000d5d00000)
  object space 64000K, 32% used [0x0000000081600000,0x0000000082a86fa0,0x0000000085480000)
 Metaspace       used 28486K, capacity 28636K, committed 28928K, reserved 1075200K
  class space    used 2208K, capacity 2230K, committed 2304K, reserved 1048576K
}
Event: 1.813 GC heap before
{Heap before GC invocations=7 (full 1):
 PSYoungGen      total 54784K, used 54784K [0x00000000d5d00000, 0x00000000dce80000, 0x0000000100000000)
  eden space 49664K, 100% used [0x00000000d5d00000,0x00000000d8d80000,0x00000000d8d80000)
  from space 5120K, 100% used [0x00000000d8d80000,0x00000000d9280000,0x00000000d9280000)
  to   space 13824K, 0% used [0x00000000dc100000,0x00000000dc100000,0x00000000dce80000)
 ParOldGen       total 64000K, used 21019K [0x0000000081600000, 0x0000000085480000, 0x00000000d5d00000)
  object space 64000K, 32% used [0x0000000081600000,0x0000000082a86fa0,0x0000000085480000)
 Metaspace       used 28636K, capacity 28828K, committed 28928K, reserved 1075200K
  class space    used 2211K, capacity 2230K, committed 2304K, reserved 1048576K
Event: 1.823 GC heap after
Heap after GC invocations=7 (full 1):
 PSYoungGen      total 100864K, used 12640K [0x00000000d5d00000, 0x00000000dd300000, 0x0000000100000000)
  eden space 87040K, 0% used [0x00000000d5d00000,0x00000000d5d00000,0x00000000db200000)
  from space 13824K, 91% used [0x00000000dc100000,0x00000000dcd58000,0x00000000dce80000)
  to   space 15360K, 0% used [0x00000000db200000,0x00000000db200000,0x00000000dc100000)
 ParOldGen       total 64000K, used 21027K [0x0000000081600000, 0x0000000085480000, 0x00000000d5d00000)
  object space 64000K, 32% used [0x0000000081600000,0x0000000082a88fa0,0x0000000085480000)
 Metaspace       used 28636K, capacity 28828K, committed 28928K, reserved 1075200K
  class space    used 2211K, capacity 2230K, committed 2304K, reserved 1048576K
}
Event: 1.985 GC heap before
{Heap before GC invocations=8 (full 1):
 PSYoungGen      total 100864K, used 99680K [0x00000000d5d00000, 0x00000000dd300000, 0x0000000100000000)
  eden space 87040K, 100% used [0x00000000d5d00000,0x00000000db200000,0x00000000db200000)
  from space 13824K, 91% used [0x00000000dc100000,0x00000000dcd58000,0x00000000dce80000)
  to   space 15360K, 0% used [0x00000000db200000,0x00000000db200000,0x00000000dc100000)
 ParOldGen       total 64000K, used 21027K [0x0000000081600000, 0x0000000085480000, 0x00000000d5d00000)
  object space 64000K, 32% used [0x0000000081600000,0x0000000082a88fa0,0x0000000085480000)
 Metaspace       used 28897K, capacity 29084K, committed 29184K, reserved 1077248K
  class space    used 2213K, capacity 2230K, committed 2304K, reserved 1048576K
Event: 2.201 GC heap after
Heap after GC invocations=8 (full 1):
 PSYoungGen      total 102400K, used 15360K [0x00000000d5d00000, 0x00000000dd300000, 0x0000000100000000)
  eden space 87040K, 0% used [0x00000000d5d00000,0x00000000d5d00000,0x00000000db200000)
  from space 15360K, 100% used [0x00000000db200000,0x00000000dc100000,0x00000000dc100000)
  to   space 13824K, 0% used [0x00000000dc100000,0x00000000dc100000,0x00000000dce80000)
 ParOldGen       total 64000K, used 30362K [0x0000000081600000, 0x0000000085480000, 0x00000000d5d00000)
  object space 64000K, 47% used [0x0000000081600000,0x00000000833a6ae8,0x0000000085480000)
 Metaspace       used 28897K, capacity 29084K, committed 29184K, reserved 1077248K
  class space    used 2213K, capacity 2230K, committed 2304K, reserved 1048576K
}

